Determining if the pthread_create exist failed with the following output:
Change Dir: /home/sk/workspas/demo_zxcar/build/CMakeFiles/CMakeTmp

Run Build Command:"/usr/bin/make" "cmTC_b20d7/fast"
/usr/bin/make -f CMakeFiles/cmTC_b20d7.dir/build.make CMakeFiles/cmTC_b20d7.dir/build
make[1]: 进入目录“/home/sk/workspas/demo_zxcar/build/CMakeFiles/CMakeTmp”
Building C object CMakeFiles/cmTC_b20d7.dir/CheckSymbolExists.c.o
/usr/bin/cc    -o CMakeFiles/cmTC_b20d7.dir/CheckSymbolExists.c.o   -c /home/sk/workspas/demo_zxcar/build/CMakeFiles/CMakeTmp/CheckSymbolExists.c
Linking C executable cmTC_b20d7
/usr/bin/cmake -E cmake_link_script CMakeFiles/cmTC_b20d7.dir/link.txt --verbose=1
/usr/bin/cc      -rdynamic CMakeFiles/cmTC_b20d7.dir/CheckSymbolExists.c.o  -o cmTC_b20d7 
CMakeFiles/cmTC_b20d7.dir/CheckSymbolExists.c.o：在函数‘main’中：
CheckSymbolExists.c:(.text+0x1b)：对‘pthread_create’未定义的引用
collect2: error: ld returned 1 exit status
CMakeFiles/cmTC_b20d7.dir/build.make:97: recipe for target 'cmTC_b20d7' failed
make[1]: *** [cmTC_b20d7] Error 1
make[1]: 离开目录“/home/sk/workspas/demo_zxcar/build/CMakeFiles/CMakeTmp”
Makefile:126: recipe for target 'cmTC_b20d7/fast' failed
make: *** [cmTC_b20d7/fast] Error 2

File /home/sk/workspas/demo_zxcar/build/CMakeFiles/CMakeTmp/CheckSymbolExists.c:
/* */
#include <pthread.h>

int main(int argc, char** argv)
{
  (void)argv;
#ifndef pthread_create
  return ((int*)(&pthread_create))[argc];
#else
  (void)argc;
  return 0;
#endif
}

Determining if the function pthread_create exists in the pthreads failed with the following output:
Change Dir: /home/sk/workspas/demo_zxcar/build/CMakeFiles/CMakeTmp

Run Build Command:"/usr/bin/make" "cmTC_467d4/fast"
/usr/bin/make -f CMakeFiles/cmTC_467d4.dir/build.make CMakeFiles/cmTC_467d4.dir/build
make[1]: 进入目录“/home/sk/workspas/demo_zxcar/build/CMakeFiles/CMakeTmp”
Building C object CMakeFiles/cmTC_467d4.dir/CheckFunctionExists.c.o
/usr/bin/cc   -DCHECK_FUNCTION_EXISTS=pthread_create   -o CMakeFiles/cmTC_467d4.dir/CheckFunctionExists.c.o   -c /usr/share/cmake-3.10/Modules/CheckFunctionExists.c
Linking C executable cmTC_467d4
/usr/bin/cmake -E cmake_link_script CMakeFiles/cmTC_467d4.dir/link.txt --verbose=1
/usr/bin/cc  -DCHECK_FUNCTION_EXISTS=pthread_create    -rdynamic CMakeFiles/cmTC_467d4.dir/CheckFunctionExists.c.o  -o cmTC_467d4 -lpthreads 
/usr/bin/ld: 找不到 -lpthreads
collect2: error: ld returned 1 exit status
CMakeFiles/cmTC_467d4.dir/build.make:97: recipe for target 'cmTC_467d4' failed
make[1]: *** [cmTC_467d4] Error 1
make[1]: 离开目录“/home/sk/workspas/demo_zxcar/build/CMakeFiles/CMakeTmp”
Makefile:126: recipe for target 'cmTC_467d4/fast' failed
make: *** [cmTC_467d4/fast] Error 2


